
> maintenance-platform-backend@1.0.0 dev
> ts-node-dev --respawn --transpile-only src/server.ts

[INFO] 21:45:40 ts-node-dev ver. 2.0.0 (using ts-node ver. 10.9.2, typescript ver. 5.9.3)
Server running on http://localhost:4000
prisma:query BEGIN
prisma:query UPDATE "public"."Ticket" SET "status" = CAST($1::text AS "public"."TicketStatus"), "updatedAt" = $2 WHERE ("public"."Ticket"."scheduledAt" <= $3 AND "public"."Ticket"."status" IN (CAST($4::text AS "public"."TicketStatus"),CAST($5::text AS "public"."TicketStatus"),CAST($6::text AS "public"."TicketStatus")))
prisma:query COMMIT
prisma:query SELECT 1
prisma:query BEGIN
prisma:query UPDATE "public"."Ticket" SET "status" = CAST($1::text AS "public"."TicketStatus"), "updatedAt" = $2 WHERE ("public"."Ticket"."scheduledAt" <= $3 AND "public"."Ticket"."status" IN (CAST($4::text AS "public"."TicketStatus"),CAST($5::text AS "public"."TicketStatus"),CAST($6::text AS "public"."TicketStatus")))
prisma:query COMMIT
prisma:query SELECT "public"."InventoryItem"."id", "public"."InventoryItem"."name", "public"."InventoryItem"."description", "public"."InventoryItem"."sku", "public"."InventoryItem"."quantity", "public"."InventoryItem"."unit", "public"."InventoryItem"."minStock", "public"."InventoryItem"."createdAt", "public"."InventoryItem"."updatedAt", "public"."InventoryItem"."companyId" FROM "public"."InventoryItem" WHERE "public"."InventoryItem"."companyId" = $1 ORDER BY "public"."InventoryItem"."name" ASC LIMIT $2 OFFSET $3
[0mGET /api/inventory [36m304[0m 711.298 ms - -[0m
prisma:query BEGIN
prisma:query SELECT "public"."Client"."id", "public"."Client"."name", "public"."Client"."contactEmail", "public"."Client"."contactPhone", "public"."Client"."taxId", "public"."Client"."address", "public"."Client"."createdAt", "public"."Client"."updatedAt", "public"."Client"."companyId", "public"."Client"."templateId", COALESCE("aggr_selection_0_Branch"."_aggr_count_branches", 0) AS "_aggr_count_branches", COALESCE("aggr_selection_1_Ticket"."_aggr_count_tickets", 0) AS "_aggr_count_tickets" FROM "public"."Client" LEFT JOIN (SELECT "public"."Branch"."clientId", COUNT(*) AS "_aggr_count_branches" FROM "public"."Branch" WHERE 1=1 GROUP BY "public"."Branch"."clientId") AS "aggr_selection_0_Branch" ON ("public"."Client"."id" = "aggr_selection_0_Branch"."clientId") LEFT JOIN (SELECT "public"."Ticket"."clientId", COUNT(*) AS "_aggr_count_tickets" FROM "public"."Ticket" WHERE 1=1 GROUP BY "public"."Ticket"."clientId") AS "aggr_selection_1_Ticket" ON ("public"."Client"."id" = "aggr_selection_1_Ticket"."clientId") WHERE "public"."Client"."companyId" = $1 ORDER BY "public"."Client"."createdAt" DESC LIMIT $2 OFFSET $3
[0mGET /api/clients [36m304[0m 716.337 ms - -[0m
prisma:query SELECT "public"."InventoryItem"."id", "public"."InventoryItem"."name", "public"."InventoryItem"."description", "public"."InventoryItem"."sku", "public"."InventoryItem"."quantity", "public"."InventoryItem"."unit", "public"."InventoryItem"."minStock", "public"."InventoryItem"."createdAt", "public"."InventoryItem"."updatedAt", "public"."InventoryItem"."companyId" FROM "public"."InventoryItem" WHERE "public"."InventoryItem"."companyId" = $1 ORDER BY "public"."InventoryItem"."name" ASC LIMIT $2 OFFSET $3
prisma:query SELECT "public"."Ticket"."id", "public"."Ticket"."title", "public"."Ticket"."description", "public"."Ticket"."status"::text, "public"."Ticket"."priority"::text, "public"."Ticket"."scheduledAt", "public"."Ticket"."startedAt", "public"."Ticket"."closedAt", "public"."Ticket"."createdAt", "public"."Ticket"."updatedAt", "public"."Ticket"."companyId", "public"."Ticket"."clientId", "public"."Ticket"."branchId", "public"."Ticket"."equipmentId", "public"."Ticket"."technicianId", "public"."Ticket"."policyId" FROM "public"."Ticket" WHERE ("public"."Ticket"."policyId" IS NOT NULL AND "public"."Ticket"."status" = CAST($1::text AS "public"."TicketStatus") AND "public"."Ticket"."scheduledAt" >= $2 AND "public"."Ticket"."scheduledAt" <= $3 AND "public"."Ticket"."companyId" = $4) ORDER BY "public"."Ticket"."scheduledAt" ASC LIMIT $5 OFFSET $6
[0mGET /api/inventory [36m304[0m 77.741 ms - -[0m
[0mGET /api/policies/upcoming-tickets [32m200[0m 786.114 ms - 26[0m
prisma:query SELECT "public"."Client"."id", "public"."Client"."name", "public"."Client"."contactEmail", "public"."Client"."contactPhone", "public"."Client"."taxId", "public"."Client"."address", "public"."Client"."createdAt", "public"."Client"."updatedAt", "public"."Client"."companyId", "public"."Client"."templateId", COALESCE("aggr_selection_0_Branch"."_aggr_count_branches", 0) AS "_aggr_count_branches", COALESCE("aggr_selection_1_Ticket"."_aggr_count_tickets", 0) AS "_aggr_count_tickets" FROM "public"."Client" LEFT JOIN (SELECT "public"."Branch"."clientId", COUNT(*) AS "_aggr_count_branches" FROM "public"."Branch" WHERE 1=1 GROUP BY "public"."Branch"."clientId") AS "aggr_selection_0_Branch" ON ("public"."Client"."id" = "aggr_selection_0_Branch"."clientId") LEFT JOIN (SELECT "public"."Ticket"."clientId", COUNT(*) AS "_aggr_count_tickets" FROM "public"."Ticket" WHERE 1=1 GROUP BY "public"."Ticket"."clientId") AS "aggr_selection_1_Ticket" ON ("public"."Client"."id" = "aggr_selection_1_Ticket"."clientId") WHERE "public"."Client"."companyId" = $1 ORDER BY "public"."Client"."createdAt" DESC LIMIT $2 OFFSET $3
[0mGET /api/clients [36m304[0m 78.092 ms - -[0m
prisma:query SELECT "public"."Ticket"."id", "public"."Ticket"."title", "public"."Ticket"."description", "public"."Ticket"."status"::text, "public"."Ticket"."priority"::text, "public"."Ticket"."scheduledAt", "public"."Ticket"."startedAt", "public"."Ticket"."closedAt", "public"."Ticket"."createdAt", "public"."Ticket"."updatedAt", "public"."Ticket"."companyId", "public"."Ticket"."clientId", "public"."Ticket"."branchId", "public"."Ticket"."equipmentId", "public"."Ticket"."technicianId", "public"."Ticket"."policyId" FROM "public"."Ticket" WHERE "public"."Ticket"."companyId" = $1 ORDER BY "public"."Ticket"."createdAt" DESC LIMIT $2 OFFSET $3
prisma:query SELECT "public"."Ticket"."id", "public"."Ticket"."title", "public"."Ticket"."description", "public"."Ticket"."status"::text, "public"."Ticket"."priority"::text, "public"."Ticket"."scheduledAt", "public"."Ticket"."startedAt", "public"."Ticket"."closedAt", "public"."Ticket"."createdAt", "public"."Ticket"."updatedAt", "public"."Ticket"."companyId", "public"."Ticket"."clientId", "public"."Ticket"."branchId", "public"."Ticket"."equipmentId", "public"."Ticket"."technicianId", "public"."Ticket"."policyId" FROM "public"."Ticket" WHERE ("public"."Ticket"."policyId" IS NOT NULL AND "public"."Ticket"."status" = CAST($1::text AS "public"."TicketStatus") AND "public"."Ticket"."scheduledAt" >= $2 AND "public"."Ticket"."scheduledAt" <= $3 AND "public"."Ticket"."companyId" = $4) ORDER BY "public"."Ticket"."scheduledAt" ASC LIMIT $5 OFFSET $6
[0mGET /api/policies/upcoming-tickets [36m304[0m 148.502 ms - -[0m
prisma:query SELECT "public"."Client"."id", "public"."Client"."name" FROM "public"."Client" WHERE "public"."Client"."id" IN ($1) OFFSET $2
prisma:query SELECT "public"."Branch"."id", "public"."Branch"."name", "public"."Branch"."city" FROM "public"."Branch" WHERE "public"."Branch"."id" IN ($1) OFFSET $2
prisma:query SELECT "public"."Equipment"."id", "public"."Equipment"."name" FROM "public"."Equipment" WHERE "public"."Equipment"."id" IN ($1) OFFSET $2
prisma:query SELECT "public"."User"."id", "public"."User"."name" FROM "public"."User" WHERE "public"."User"."id" IN ($1) OFFSET $2
prisma:query SELECT "public"."TicketReport"."id", "public"."TicketReport"."ticketId" FROM "public"."TicketReport" WHERE "public"."TicketReport"."ticketId" IN ($1,$2,$3) OFFSET $4
prisma:query SELECT COUNT(*) FROM (SELECT "public"."Ticket"."id" FROM "public"."Ticket" WHERE "public"."Ticket"."companyId" = $1 OFFSET $2) AS "sub"
prisma:query COMMIT
[0mGET /api/tickets?limit=5 [32m200[0m 2013.336 ms - 2280[0m
prisma:query BEGIN
prisma:query BEGIN
prisma:query SELECT "public"."Ticket"."id", "public"."Ticket"."title", "public"."Ticket"."description", "public"."Ticket"."status"::text, "public"."Ticket"."priority"::text, "public"."Ticket"."scheduledAt", "public"."Ticket"."startedAt", "public"."Ticket"."closedAt", "public"."Ticket"."createdAt", "public"."Ticket"."updatedAt", "public"."Ticket"."companyId", "public"."Ticket"."clientId", "public"."Ticket"."branchId", "public"."Ticket"."equipmentId", "public"."Ticket"."technicianId", "public"."Ticket"."policyId" FROM "public"."Ticket" WHERE "public"."Ticket"."companyId" = $1 ORDER BY "public"."Ticket"."createdAt" DESC LIMIT $2 OFFSET $3
prisma:query UPDATE "public"."Ticket" SET "status" = CAST($1::text AS "public"."TicketStatus"), "updatedAt" = $2 WHERE ("public"."Ticket"."scheduledAt" <= $3 AND "public"."Ticket"."status" IN (CAST($4::text AS "public"."TicketStatus"),CAST($5::text AS "public"."TicketStatus"),CAST($6::text AS "public"."TicketStatus")))
prisma:query COMMIT
prisma:query SELECT "public"."Client"."id", "public"."Client"."name" FROM "public"."Client" WHERE "public"."Client"."id" IN ($1) OFFSET $2
prisma:query SELECT "public"."Branch"."id", "public"."Branch"."name", "public"."Branch"."city" FROM "public"."Branch" WHERE "public"."Branch"."id" IN ($1) OFFSET $2
prisma:query SELECT "public"."Equipment"."id", "public"."Equipment"."name" FROM "public"."Equipment" WHERE "public"."Equipment"."id" IN ($1) OFFSET $2
prisma:query SELECT "public"."User"."id", "public"."User"."name" FROM "public"."User" WHERE "public"."User"."id" IN ($1) OFFSET $2
prisma:query SELECT "public"."TicketReport"."id", "public"."TicketReport"."ticketId" FROM "public"."TicketReport" WHERE "public"."TicketReport"."ticketId" IN ($1,$2,$3) OFFSET $4
prisma:query SELECT COUNT(*) FROM (SELECT "public"."Ticket"."id" FROM "public"."Ticket" WHERE "public"."Ticket"."companyId" = $1 OFFSET $2) AS "sub"
prisma:query COMMIT
[0mGET /api/tickets?limit=5 [36m304[0m 1154.203 ms - -[0m
prisma:query SELECT 1
prisma:query SELECT 1
prisma:query SELECT "public"."Policy"."id", "public"."Policy"."name", "public"."Policy"."status"::text, "public"."Policy"."startDate", "public"."Policy"."endDate", "public"."Policy"."totalTickets", "public"."Policy"."recurrence"::text, "public"."Policy"."notes", "public"."Policy"."createdAt", "public"."Policy"."updatedAt", "public"."Policy"."companyId", "public"."Policy"."clientId", COALESCE("aggr_selection_0_Ticket"."_aggr_count_tickets", 0) AS "_aggr_count_tickets" FROM "public"."Policy" LEFT JOIN (SELECT "public"."Ticket"."policyId", COUNT(*) AS "_aggr_count_tickets" FROM "public"."Ticket" WHERE 1=1 GROUP BY "public"."Ticket"."policyId") AS "aggr_selection_0_Ticket" ON ("public"."Policy"."id" = "aggr_selection_0_Ticket"."policyId") WHERE "public"."Policy"."companyId" = $1 ORDER BY "public"."Policy"."createdAt" DESC OFFSET $2
[0mGET /api/policies [32m200[0m 223.667 ms - 26[0m
prisma:query SELECT "public"."Policy"."id", "public"."Policy"."name", "public"."Policy"."status"::text, "public"."Policy"."startDate", "public"."Policy"."endDate", "public"."Policy"."totalTickets", "public"."Policy"."recurrence"::text, "public"."Policy"."notes", "public"."Policy"."createdAt", "public"."Policy"."updatedAt", "public"."Policy"."companyId", "public"."Policy"."clientId", COALESCE("aggr_selection_0_Ticket"."_aggr_count_tickets", 0) AS "_aggr_count_tickets" FROM "public"."Policy" LEFT JOIN (SELECT "public"."Ticket"."policyId", COUNT(*) AS "_aggr_count_tickets" FROM "public"."Ticket" WHERE 1=1 GROUP BY "public"."Ticket"."policyId") AS "aggr_selection_0_Ticket" ON ("public"."Policy"."id" = "aggr_selection_0_Ticket"."policyId") WHERE "public"."Policy"."companyId" = $1 ORDER BY "public"."Policy"."createdAt" DESC OFFSET $2
[0mGET /api/policies [32m200[0m 255.369 ms - 26[0m
prisma:query SELECT "public"."Client"."id", "public"."Client"."name", "public"."Client"."contactEmail", "public"."Client"."contactPhone", "public"."Client"."taxId", "public"."Client"."address", "public"."Client"."createdAt", "public"."Client"."updatedAt", "public"."Client"."companyId", "public"."Client"."templateId", COALESCE("aggr_selection_0_Branch"."_aggr_count_branches", 0) AS "_aggr_count_branches", COALESCE("aggr_selection_1_Ticket"."_aggr_count_tickets", 0) AS "_aggr_count_tickets" FROM "public"."Client" LEFT JOIN (SELECT "public"."Branch"."clientId", COUNT(*) AS "_aggr_count_branches" FROM "public"."Branch" WHERE 1=1 GROUP BY "public"."Branch"."clientId") AS "aggr_selection_0_Branch" ON ("public"."Client"."id" = "aggr_selection_0_Branch"."clientId") LEFT JOIN (SELECT "public"."Ticket"."clientId", COUNT(*) AS "_aggr_count_tickets" FROM "public"."Ticket" WHERE 1=1 GROUP BY "public"."Ticket"."clientId") AS "aggr_selection_1_Ticket" ON ("public"."Client"."id" = "aggr_selection_1_Ticket"."clientId") WHERE "public"."Client"."companyId" = $1 ORDER BY "public"."Client"."createdAt" DESC LIMIT $2 OFFSET $3
[0mGET /api/clients [32m200[0m 77.813 ms - 417[0m
prisma:query SELECT "public"."Client"."id", "public"."Client"."name", "public"."Client"."contactEmail", "public"."Client"."contactPhone", "public"."Client"."taxId", "public"."Client"."address", "public"."Client"."createdAt", "public"."Client"."updatedAt", "public"."Client"."companyId", "public"."Client"."templateId", COALESCE("aggr_selection_0_Branch"."_aggr_count_branches", 0) AS "_aggr_count_branches", COALESCE("aggr_selection_1_Ticket"."_aggr_count_tickets", 0) AS "_aggr_count_tickets" FROM "public"."Client" LEFT JOIN (SELECT "public"."Branch"."clientId", COUNT(*) AS "_aggr_count_branches" FROM "public"."Branch" WHERE 1=1 GROUP BY "public"."Branch"."clientId") AS "aggr_selection_0_Branch" ON ("public"."Client"."id" = "aggr_selection_0_Branch"."clientId") LEFT JOIN (SELECT "public"."Ticket"."clientId", COUNT(*) AS "_aggr_count_tickets" FROM "public"."Ticket" WHERE 1=1 GROUP BY "public"."Ticket"."clientId") AS "aggr_selection_1_Ticket" ON ("public"."Client"."id" = "aggr_selection_1_Ticket"."clientId") WHERE "public"."Client"."companyId" = $1 ORDER BY "public"."Client"."createdAt" DESC LIMIT $2 OFFSET $3
[0mGET /api/clients [32m200[0m 175.201 ms - 417[0m
prisma:error Error in PostgreSQL connection: Error { kind: Db, cause: Some(DbError { severity: "FATAL", parsed_severity: Some(Fatal), code: SqlState(E57P01), message: "terminating connection due to administrator command", detail: None, hint: None, position: None, where_: None, schema: None, table: None, column: None, datatype: None, constraint: None, file: Some("postgres.c"), line: Some(3319), routine: Some("ProcessInterrupts") }) }
prisma:error Error in PostgreSQL connection: Error { kind: Db, cause: Some(DbError { severity: "FATAL", parsed_severity: Some(Fatal), code: SqlState(E57P01), message: "terminating connection due to administrator command", detail: None, hint: None, position: None, where_: None, schema: None, table: None, column: None, datatype: None, constraint: None, file: Some("postgres.c"), line: Some(3319), routine: Some("ProcessInterrupts") }) }
prisma:error Error in PostgreSQL connection: Error { kind: Db, cause: Some(DbError { severity: "FATAL", parsed_severity: Some(Fatal), code: SqlState(E57P01), message: "terminating connection due to administrator command", detail: None, hint: None, position: None, where_: None, schema: None, table: None, column: None, datatype: None, constraint: None, file: Some("postgres.c"), line: Some(3319), routine: Some("ProcessInterrupts") }) }
prisma:error Error in PostgreSQL connection: Error { kind: Db, cause: Some(DbError { severity: "FATAL", parsed_severity: Some(Fatal), code: SqlState(E57P01), message: "terminating connection due to administrator command", detail: None, hint: None, position: None, where_: None, schema: None, table: None, column: None, datatype: None, constraint: None, file: Some("postgres.c"), line: Some(3319), routine: Some("ProcessInterrupts") }) }
prisma:error Error in PostgreSQL connection: Error { kind: Db, cause: Some(DbError { severity: "FATAL", parsed_severity: Some(Fatal), code: SqlState(E57P01), message: "terminating connection due to administrator command", detail: None, hint: None, position: None, where_: None, schema: None, table: None, column: None, datatype: None, constraint: None, file: Some("postgres.c"), line: Some(3319), routine: Some("ProcessInterrupts") }) }
